<?xml version="1.0" encoding="utf-8"?><testsuites name="pytest tests"><testsuite name="pytest" errors="0" failures="2" skipped="0" tests="16" time="6.732" timestamp="2026-09-16T21:16:06.335864+00:00" hostname="agent-env-c2f0684f-f1ff-4f4f-af00-2492508b4cef"><testcase classname="tests.test_zappedidos_iter4" name="test_login_returns_cookie_and_role" time="1.008" /><testcase classname="tests.test_zappedidos_iter4" name="test_dashboard_uses_wa_status_migrated" time="0.097"><failure message="AssertionError: assert 'waha_token' not in {'id': '8569dbac8a474fceab1eee08c825432d', 'nome': 'TEST Loja bacf0ba1', 'cliente_email': 'test-bacf0ba1@example.com', 'client_id': 'd0c8abf523434fdcaf3ddc7008501647', ...}">backend/tests/test_zappedidos_iter4.py:70: in test_dashboard_uses_wa_status_migrated
    assert "waha_token" not in s
E   AssertionError: assert 'waha_token' not in {'id': '8569dbac8a474fceab1eee08c825432d', 'nome': 'TEST Loja bacf0ba1', 'cliente_email': 'test-bacf0ba1@example.com', 'client_id': 'd0c8abf523434fdcaf3ddc7008501647', ...}</failure></testcase><testcase classname="tests.test_zappedidos_iter4" name="test_create_store_and_patch_admin_fields" time="0.810" /><testcase classname="tests.test_zappedidos_iter4" name="test_client_patch_restricted_to_bot_and_lad" time="0.078" /><testcase classname="tests.test_zappedidos_iter4" name="test_plan_limit_essencial_blocks_fourth_store" time="0.647" /><testcase classname="tests.test_zappedidos_iter4" name="test_client_cannot_access_admin_routes" time="0.075" /><testcase classname="tests.test_zappedidos_iter4" name="test_client_isolation_stores_list" time="0.078" /><testcase classname="tests.test_zappedidos_iter4" name="test_product_full_crud" time="0.425" /><testcase classname="tests.test_zappedidos_iter4" name="test_whatsapp_not_configured_by_default" time="0.083" /><testcase classname="tests.test_zappedidos_iter4" name="test_whatsapp_setup_and_qr_offline_graceful" time="0.106"><failure message="AssertionError: Internal Server Error&#10;assert 500 == 200&#10; +  where 500 = &lt;Response [500]&gt;.status_code">backend/tests/test_zappedidos_iter4.py:204: in test_whatsapp_setup_and_qr_offline_graceful
    assert setup.status_code == 200, setup.text
E   AssertionError: Internal Server Error
E   assert 500 == 200
E    +  where 500 = &lt;Response [500]&gt;.status_code</failure></testcase><testcase classname="tests.test_zappedidos_iter4" name="test_whatsapp_invalid_provider_rejected" time="0.076" /><testcase classname="tests.test_zappedidos_iter4" name="test_lad_endpoints_blocked_without_token" time="0.656" /><testcase classname="tests.test_zappedidos_iter4" name="test_lad_pedido_blocked_without_token_uses_idempotency" time="0.072" /><testcase classname="tests.test_zappedidos_iter4" name="test_orders_list_empty_initially" time="0.067" /><testcase classname="tests.test_zappedidos_iter4" name="test_webhook_records_chat_and_grouping" time="0.500" /><testcase classname="tests.test_zappedidos_iter4" name="test_brute_force_lockout_after_five_failures" time="1.440" /></testsuite></testsuites>