<?xml version="1.0" encoding="utf-8"?><testsuites name="pytest tests"><testsuite name="pytest" errors="0" failures="0" skipped="0" tests="4" time="3.436" timestamp="2026-09-16T20:42:59.578168+00:00" hostname="agent-env-c2f0684f-f1ff-4f4f-af00-2492508b4cef"><testcase classname="tests.test_zappedidos_api" name="test_health_and_unauthenticated_protection" time="0.365" /><testcase classname="tests.test_zappedidos_api" name="test_admin_session_and_logout" time="0.607" /><testcase classname="tests.test_zappedidos_api" name="test_store_client_isolation_catalog_and_waha" time="1.452" /><testcase classname="tests.test_zappedidos_api" name="test_plans_and_admin_dashboard" time="0.551" /></testsuite></testsuites>