<?xml version="1.0" encoding="utf-8"?><testsuites name="pytest tests"><testsuite name="pytest" errors="0" failures="0" skipped="0" tests="29" time="10.402" timestamp="2026-09-16T21:33:28.557688+00:00" hostname="agent-env-c2f0684f-f1ff-4f4f-af00-2492508b4cef"><testcase classname="tests.test_mercadopago_iter6" name="test_mp_status_default_false" time="1.311" /><testcase classname="tests.test_mercadopago_iter6" name="test_mp_pix_without_token_returns_400" time="0.075" /><testcase classname="tests.test_mercadopago_iter6" name="test_mp_checkout_without_token_returns_400" time="0.072" /><testcase classname="tests.test_mercadopago_iter6" name="test_mp_pagamentos_empty_initially" time="0.070" /><testcase classname="tests.test_mercadopago_iter6" name="test_mp_setup_encrypts_and_never_returns_token" time="0.237" /><testcase classname="tests.test_mercadopago_iter6" name="test_dashboard_and_stores_list_never_leak_mp_token" time="0.176" /><testcase classname="tests.test_mercadopago_iter6" name="test_mp_pix_with_invalid_token_returns_mp_error_not_500" time="0.268" /><testcase classname="tests.test_mercadopago_iter6" name="test_mp_checkout_with_invalid_token_returns_mp_error_not_500" time="0.211" /><testcase classname="tests.test_mercadopago_iter6" name="test_mp_webhook_no_body_returns_200" time="0.169" /><testcase classname="tests.test_mercadopago_iter6" name="test_mp_webhook_unknown_store_returns_200" time="0.147" /><testcase classname="tests.test_mercadopago_iter6" name="test_mp_webhook_with_payment_topic_but_bad_token_returns_200" time="0.366" /><testcase classname="tests.test_mercadopago_iter6" name="test_client_cannot_configure_mp_for_other_store" time="0.389" /><testcase classname="tests.test_mercadopago_iter6" name="test_mp_delete_removes_token" time="0.448" /><testcase classname="tests.test_zappedidos_iter4" name="test_login_returns_cookie_and_role" time="0.755" /><testcase classname="tests.test_zappedidos_iter4" name="test_dashboard_uses_wa_status_migrated" time="0.093" /><testcase classname="tests.test_zappedidos_iter4" name="test_create_store_and_patch_admin_fields" time="0.858" /><testcase classname="tests.test_zappedidos_iter4" name="test_client_patch_restricted_to_bot_and_lad" time="0.071" /><testcase classname="tests.test_zappedidos_iter4" name="test_plan_limit_essencial_blocks_fourth_store" time="0.531" /><testcase classname="tests.test_zappedidos_iter4" name="test_client_cannot_access_admin_routes" time="0.068" /><testcase classname="tests.test_zappedidos_iter4" name="test_client_isolation_stores_list" time="0.070" /><testcase classname="tests.test_zappedidos_iter4" name="test_product_full_crud" time="0.438" /><testcase classname="tests.test_zappedidos_iter4" name="test_whatsapp_not_configured_by_default" time="0.062" /><testcase classname="tests.test_zappedidos_iter4" name="test_whatsapp_setup_and_qr_offline_graceful" time="0.455" /><testcase classname="tests.test_zappedidos_iter4" name="test_whatsapp_invalid_provider_rejected" time="0.062" /><testcase classname="tests.test_zappedidos_iter4" name="test_lad_endpoints_blocked_without_token" time="0.858" /><testcase classname="tests.test_zappedidos_iter4" name="test_lad_pedido_blocked_without_token_uses_idempotency" time="0.063" /><testcase classname="tests.test_zappedidos_iter4" name="test_orders_list_empty_initially" time="0.066" /><testcase classname="tests.test_zappedidos_iter4" name="test_webhook_records_chat_and_grouping" time="0.852" /><testcase classname="tests.test_zappedidos_iter4" name="test_brute_force_lockout_after_five_failures" time="1.100" /></testsuite></testsuites>