<?xml version="1.0" encoding="utf-8"?><testsuites name="pytest tests"><testsuite name="pytest" errors="0" failures="0" skipped="0" tests="16" time="6.188" timestamp="2026-09-16T21:18:12.526758+00:00" hostname="agent-env-c2f0684f-f1ff-4f4f-af00-2492508b4cef"><testcase classname="tests.test_zappedidos_iter4" name="test_login_returns_cookie_and_role" time="0.968" /><testcase classname="tests.test_zappedidos_iter4" name="test_dashboard_uses_wa_status_migrated" time="0.063" /><testcase classname="tests.test_zappedidos_iter4" name="test_create_store_and_patch_admin_fields" time="0.761" /><testcase classname="tests.test_zappedidos_iter4" name="test_client_patch_restricted_to_bot_and_lad" time="0.090" /><testcase classname="tests.test_zappedidos_iter4" name="test_plan_limit_essencial_blocks_fourth_store" time="0.436" /><testcase classname="tests.test_zappedidos_iter4" name="test_client_cannot_access_admin_routes" time="0.086" /><testcase classname="tests.test_zappedidos_iter4" name="test_client_isolation_stores_list" time="0.093" /><testcase classname="tests.test_zappedidos_iter4" name="test_product_full_crud" time="0.539" /><testcase classname="tests.test_zappedidos_iter4" name="test_whatsapp_not_configured_by_default" time="0.085" /><testcase classname="tests.test_zappedidos_iter4" name="test_whatsapp_setup_and_qr_offline_graceful" time="0.483" /><testcase classname="tests.test_zappedidos_iter4" name="test_whatsapp_invalid_provider_rejected" time="0.092" /><testcase classname="tests.test_zappedidos_iter4" name="test_lad_endpoints_blocked_without_token" time="0.695" /><testcase classname="tests.test_zappedidos_iter4" name="test_lad_pedido_blocked_without_token_uses_idempotency" time="0.090" /><testcase classname="tests.test_zappedidos_iter4" name="test_orders_list_empty_initially" time="0.086" /><testcase classname="tests.test_zappedidos_iter4" name="test_webhook_records_chat_and_grouping" time="0.394" /><testcase classname="tests.test_zappedidos_iter4" name="test_brute_force_lockout_after_five_failures" time="0.730" /></testsuite></testsuites>